<?xml version="1.0" encoding="UTF-8"?>
<!-- Generated by org.testng.reporters.JUnitReportReporter -->
<testsuite hostname="IABLR-LT155" name="Runner.RunCuke" tests="7" failures="0" timestamp="12 Nov 2019 07:51:13 GMT" time="8.461" errors="0">
  <testcase name="runScenario" time="0.403" classname="Runner.RunCuke"/>
  <testcase name="runScenario" time="0.564" classname="Runner.RunCuke"/>
  <testcase name="runScenario" time="0.723" classname="Runner.RunCuke"/>
  <testcase name="runScenario" time="4.008" classname="Runner.RunCuke"/>
  <testcase name="runScenario" time="0.660" classname="Runner.RunCuke"/>
  <testcase name="runScenario" time="0.776" classname="Runner.RunCuke"/>
  <testcase name="runScenario" time="1.327" classname="Runner.RunCuke"/>
</testsuite> <!-- Runner.RunCuke -->
