<?xml version="1.0" encoding="UTF-8"?>
<!-- Generated by org.testng.reporters.JUnitReportReporter -->
<testsuite hostname="IABLR-LT155" name="Runner.RunCuke" tests="1" failures="0" timestamp="13 Nov 2019 13:02:29 GMT" time="6.591" errors="0">
  <testcase name="runScenario" time="6.591" classname="Runner.RunCuke"/>
</testsuite> <!-- Runner.RunCuke -->
