<?xml version="1.0" encoding="UTF-8"?>
<!-- Generated by org.testng.reporters.JUnitReportReporter -->
<testsuite hostname="IABLR-LT155" name="Runner.RunCuke" tests="5" failures="0" timestamp="8 Nov 2019 09:46:20 GMT" time="5.851" errors="0">
  <testcase name="runScenario" time="0.567" classname="Runner.RunCuke"/>
  <testcase name="runScenario" time="1.347" classname="Runner.RunCuke"/>
  <testcase name="runScenario" time="0.292" classname="Runner.RunCuke"/>
  <testcase name="runScenario" time="3.006" classname="Runner.RunCuke"/>
  <testcase name="runScenario" time="0.639" classname="Runner.RunCuke"/>
</testsuite> <!-- Runner.RunCuke -->
